1526420141341	geckodriver	INFO	geckodriver 0.20.1
1526420141349	geckodriver	INFO	Listening on 127.0.0.1:50203
1526420144422	mozrunner::runner	INFO	Running command: "C:\\Program Files (x86)\\Mozilla Firefox\\firefox.exe" "-marionette" "-profile" "C:\\Users\\SALMAA~1\\AppData\\Local\\Temp\\rust_mozprofile.n6eelKlMzNSF"
Unable to read VR Path Registry from C:\Users\Salmaan Shahid\AppData\Local\openvr\openvrpaths.vrpath
1526420145726	Marionette	INFO	Enabled via --marionette
Unable to read VR Path Registry from C:\Users\Salmaan Shahid\AppData\Local\openvr\openvrpaths.vrpath
Unable to read VR Path Registry from C:\Users\Salmaan Shahid\AppData\Local\openvr\openvrpaths.vrpath
Unable to read VR Path Registry from C:\Users\Salmaan Shahid\AppData\Local\openvr\openvrpaths.vrpath
Unable to read VR Path Registry from C:\Users\Salmaan Shahid\AppData\Local\openvr\openvrpaths.vrpath
1526420147002	Marionette	INFO	Listening on port 50211
1526420147586	Marionette	WARN	TLS certificate errors will be ignored for this session
Unable to read VR Path Registry from C:\Users\Salmaan Shahid\AppData\Local\openvr\openvrpaths.vrpath
[Parent 19172, Gecko_IOThread] WARNING: pipe error: 109: file z:/build/build/src/ipc/chromium/src/chrome/common/ipc_channel_win.cc, line 346
[Child 17456, Chrome_ChildThread] WARNING: pipe error: 109: file z:/build/build/src/ipc/chromium/src/chrome/common/ipc_channel_win.cc, line 346
[Child 16872, Chrome_ChildThread] WARNING: pipe error: 109: file z:/build/build/src/ipc/chromium/src/chrome/common/ipc_channel_win.cc, line 346
[Child 16872, Chrome_ChildThread] W[Child 12672, Chrome_ChildThread] WARNING: pipe error: 109: file z:/build/build/src/ipc/chromium/src/chrome/common/ipc_channel_win.cc, line 346
[Child 16948, Chrome_ChildThread] WARNING: pipe error: 109: file z:/build/build/src/ipc/chromium/src/chrome/common/ipc_channel_win.cc, line 346
[Child 16948, Chrome_ChildThr[GPU 3460, Chrome_ChildThread]
###!!! [Child][MessageChannel::SendAndWait] Error: Channel error: cannot send/recv

ed for this session
[Parent 19528, Gecko_IOThread] WARNING: pipe error: 109: file z:/build/build/src/ipc/chromium/src/chrome/common/ipc_channel_win.cc, line 346
[Parent 19528, Gecko_IOThread] WARNING: pipe error: 109: file z:/build/build/src/ipc/chromium/src/chrome/common/ipc_channel_win.cc, line 346
[Child 20392, Chrome_ChildThread] WARNING: pipe error: 109: file z:/build/build/src/ipc/chromium/src/chrome/common/ipc_channel_win.cc, line 346
[Child 20392, Chrome_ChildThread] WARNING: pipe error: 109: file z:/build/build/src/i[Child 10076, Chrome_ChildThread] WARNING: pipe error: 109: file z:/build/build/src/ipc/chromium/src/chrome/common/ipc_channel_win.cc, line 346
[Child 10076, Chrome_ChildThread] WARNING: pi[GPU 19816
###!!! [Child][MessageChannel::SendAndWait] Error: Channel error: cannot send/recv

